d:\游戏开发测试案例\我的考核\snowsecen\snowsecen\release\vc141.pdb
d:\游戏开发测试案例\我的考核\snowsecen\snowsecen\release\tree2d.obj
d:\游戏开发测试案例\我的考核\snowsecen\snowsecen\release\terrain.obj
d:\游戏开发测试案例\我的考核\snowsecen\snowsecen\release\snowparticle.obj
d:\游戏开发测试案例\我的考核\snowsecen\snowsecen\release\snowman.obj
d:\游戏开发测试案例\我的考核\snowsecen\snowsecen\release\snowdemo.obj
d:\游戏开发测试案例\我的考核\snowsecen\snowsecen\release\sky.obj
d:\游戏开发测试案例\我的考核\snowsecen\snowsecen\release\secenfactory.obj
d:\游戏开发测试案例\我的考核\snowsecen\snowsecen\release\secenbase.obj
d:\游戏开发测试案例\我的考核\snowsecen\snowsecen\release\main.obj
d:\游戏开发测试案例\我的考核\snowsecen\snowsecen\release\geometrygenerator.obj
d:\游戏开发测试案例\我的考核\snowsecen\snowsecen\release\gametimer.obj
d:\游戏开发测试案例\我的考核\snowsecen\snowsecen\release\effects.obj
d:\游戏开发测试案例\我的考核\snowsecen\snowsecen\release\dx11base.obj
d:\游戏开发测试案例\我的考核\snowsecen\snowsecen\release\debug.obj
d:\游戏开发测试案例\我的考核\snowsecen\snowsecen\release\ddstextureloader.obj
d:\游戏开发测试案例\我的考核\snowsecen\snowsecen\release\common.obj
d:\游戏开发测试案例\我的考核\snowsecen\snowsecen\release\camera.obj
d:\游戏开发测试案例\我的考核\snowsecen\snowsecen\release\box.obj
d:\游戏开发测试案例\我的考核\snowsecen\snowsecen\release\snowsecen.tlog\cl.command.1.tlog
d:\游戏开发测试案例\我的考核\snowsecen\snowsecen\release\snowsecen.tlog\cl.read.1.tlog
d:\游戏开发测试案例\我的考核\snowsecen\snowsecen\release\snowsecen.tlog\cl.write.1.tlog
d:\游戏开发测试案例\我的考核\snowsecen\snowsecen\release\snowsecen.tlog\link.command.1.tlog
d:\游戏开发测试案例\我的考核\snowsecen\snowsecen\release\snowsecen.tlog\link.read.1.tlog
d:\游戏开发测试案例\我的考核\snowsecen\snowsecen\release\snowsecen.tlog\link.write.1.tlog
