  Box.cpp
  Common.cpp
  Dx11Base.cpp
  Effects.cpp
  SecenBase.cpp
  SecenFactory.cpp
  Sky.cpp
  SnowDemo.cpp
  SnowMan.cpp
  SnowParticle.cpp
  Terrain.cpp
  Tree2D.cpp
  debug.cpp
  main.cpp
Effects11d.lib(EffectAPI.obj) : warning LNK4075: 忽略“/EDITANDCONTINUE”(由于“/OPT:ICF”规范)
  正在生成代码
  1 of 1363 functions ( 0.1%) were compiled, the rest were copied from previous compilation.
    0 functions were new in current compilation
    6 functions had inline decision re-evaluated but remain unchanged
  已完成代码的生成
Effects11d.lib(d3dxGlobal.obj) : warning LNK4099: 未找到 PDB“Effects11d.pdb”(使用“Effects11d.lib(d3dxGlobal.obj)”或在“D:\游戏开发测试案例\我的考核\SnowSecen\SnowSecen\Release\Effects11d.pdb”中寻找)；正在链接对象，如同没有调试信息一样
Effects11d.lib(EffectAPI.obj) : warning LNK4099: 未找到 PDB“Effects11d.pdb”(使用“Effects11d.lib(EffectAPI.obj)”或在“D:\游戏开发测试案例\我的考核\SnowSecen\SnowSecen\Release\Effects11d.pdb”中寻找)；正在链接对象，如同没有调试信息一样
Effects11d.lib(EffectLoad.obj) : warning LNK4099: 未找到 PDB“Effects11d.pdb”(使用“Effects11d.lib(EffectLoad.obj)”或在“D:\游戏开发测试案例\我的考核\SnowSecen\SnowSecen\Release\Effects11d.pdb”中寻找)；正在链接对象，如同没有调试信息一样
Effects11d.lib(EffectNonRuntime.obj) : warning LNK4099: 未找到 PDB“Effects11d.pdb”(使用“Effects11d.lib(EffectNonRuntime.obj)”或在“D:\游戏开发测试案例\我的考核\SnowSecen\SnowSecen\Release\Effects11d.pdb”中寻找)；正在链接对象，如同没有调试信息一样
Effects11d.lib(EffectReflection.obj) : warning LNK4099: 未找到 PDB“Effects11d.pdb”(使用“Effects11d.lib(EffectReflection.obj)”或在“D:\游戏开发测试案例\我的考核\SnowSecen\SnowSecen\Release\Effects11d.pdb”中寻找)；正在链接对象，如同没有调试信息一样
Effects11d.lib(EffectRuntime.obj) : warning LNK4099: 未找到 PDB“Effects11d.pdb”(使用“Effects11d.lib(EffectRuntime.obj)”或在“D:\游戏开发测试案例\我的考核\SnowSecen\SnowSecen\Release\Effects11d.pdb”中寻找)；正在链接对象，如同没有调试信息一样
  SnowSecen.vcxproj -> D:\游戏开发测试案例\我的考核\SnowSecen\SnowSecen\Release\SnowSecen.exe
