d:\游戏开发测试案例\我的考核\snowsecen\snowsecen\debug\vc141.pdb
d:\游戏开发测试案例\我的考核\snowsecen\snowsecen\debug\vc141.idb
d:\游戏开发测试案例\我的考核\snowsecen\snowsecen\debug\box.obj
d:\游戏开发测试案例\我的考核\snowsecen\snowsecen\debug\camera.obj
d:\游戏开发测试案例\我的考核\snowsecen\snowsecen\debug\common.obj
d:\游戏开发测试案例\我的考核\snowsecen\snowsecen\debug\ddstextureloader.obj
d:\游戏开发测试案例\我的考核\snowsecen\snowsecen\debug\debug.obj
d:\游戏开发测试案例\我的考核\snowsecen\snowsecen\debug\dx11base.obj
d:\游戏开发测试案例\我的考核\snowsecen\snowsecen\debug\effects.obj
d:\游戏开发测试案例\我的考核\snowsecen\snowsecen\debug\gametimer.obj
d:\游戏开发测试案例\我的考核\snowsecen\snowsecen\debug\geometrygenerator.obj
d:\游戏开发测试案例\我的考核\snowsecen\snowsecen\debug\main.obj
d:\游戏开发测试案例\我的考核\snowsecen\snowsecen\debug\secenbase.obj
d:\游戏开发测试案例\我的考核\snowsecen\snowsecen\debug\secenfactory.obj
d:\游戏开发测试案例\我的考核\snowsecen\snowsecen\debug\sky.obj
d:\游戏开发测试案例\我的考核\snowsecen\snowsecen\debug\snowdemo.obj
d:\游戏开发测试案例\我的考核\snowsecen\snowsecen\debug\snowman.obj
d:\游戏开发测试案例\我的考核\snowsecen\snowsecen\debug\snowparticle.obj
d:\游戏开发测试案例\我的考核\snowsecen\snowsecen\debug\terrain.obj
d:\游戏开发测试案例\我的考核\snowsecen\snowsecen\debug\tree2d.obj
d:\游戏开发测试案例\我的考核\snowsecen\snowsecen\debug\snowsecen.pdb
d:\游戏开发测试案例\我的考核\snowsecen\snowsecen\debug\snowsecen.tlog\cl.command.1.tlog
d:\游戏开发测试案例\我的考核\snowsecen\snowsecen\debug\snowsecen.tlog\cl.read.1.tlog
d:\游戏开发测试案例\我的考核\snowsecen\snowsecen\debug\snowsecen.tlog\cl.write.1.tlog
d:\游戏开发测试案例\我的考核\snowsecen\snowsecen\debug\snowsecen.tlog\link-cvtres.read.1.tlog
d:\游戏开发测试案例\我的考核\snowsecen\snowsecen\debug\snowsecen.tlog\link-cvtres.write.1.tlog
d:\游戏开发测试案例\我的考核\snowsecen\snowsecen\debug\snowsecen.tlog\link-mt.read.1.tlog
d:\游戏开发测试案例\我的考核\snowsecen\snowsecen\debug\snowsecen.tlog\link-mt.write.1.tlog
d:\游戏开发测试案例\我的考核\snowsecen\snowsecen\debug\snowsecen.tlog\link-rc.read.1.tlog
d:\游戏开发测试案例\我的考核\snowsecen\snowsecen\debug\snowsecen.tlog\link-rc.write.1.tlog
d:\游戏开发测试案例\我的考核\snowsecen\snowsecen\debug\snowsecen.tlog\link.command.1.tlog
d:\游戏开发测试案例\我的考核\snowsecen\snowsecen\debug\snowsecen.tlog\link.read.1.tlog
d:\游戏开发测试案例\我的考核\snowsecen\snowsecen\debug\snowsecen.tlog\link.write.1.tlog
